<?xml version="1.0" encoding="UTF-8"?>
<!-- Generated by org.testng.reporters.JUnitXMLReporter -->
<testsuite hostname="Raktim" ignored="2" name="Test3" tests="1" failures="0" timestamp="28 Dec 2021 11:59:01 GMT" time="77.767" errors="0">
  <testcase name="gmailOnEdge" time="18.735" classname="dockergrid.dockerseleniumgrid"/>
  <testcase name="linkedOnFFTest" time="0.0" classname="dockergrid.dockerseleniumgrid">
    <ignored/>
  </testcase> <!-- linkedOnFFTest -->
  <testcase name="googleOnCHROMETest" time="0.0" classname="dockergrid.dockerseleniumgrid">
    <ignored/>
  </testcase> <!-- googleOnCHROMETest -->
</testsuite> <!-- Test3 -->
