<?xml version="1.0" encoding="UTF-8"?>
<!-- Generated by org.testng.reporters.JUnitXMLReporter -->
<testsuite hostname="Raktim" ignored="2" name="Test1" tests="1" failures="0" timestamp="28 Dec 2021 11:58:44 GMT" time="59.411" errors="0">
  <testcase name="googleOnCHROMETest" time="19.023" classname="dockergrid.dockerseleniumgrid"/>
  <testcase name="gmailOnEdge" time="0.0" classname="dockergrid.dockerseleniumgrid">
    <ignored/>
  </testcase> <!-- gmailOnEdge -->
  <testcase name="linkedOnFFTest" time="0.0" classname="dockergrid.dockerseleniumgrid">
    <ignored/>
  </testcase> <!-- linkedOnFFTest -->
</testsuite> <!-- Test1 -->
