<?xml version="1.0" encoding="UTF-8"?>
<!-- Generated by org.testng.reporters.JUnitXMLReporter -->
<testsuite hostname="Raktim" ignored="2" name="Test2" tests="1" failures="1" timestamp="28 Dec 2021 11:59:02 GMT" time="78.275" errors="0">
  <testcase name="linkedOnFFTest" time="8.031" classname="dockergrid.dockerseleniumgrid">
    <failure type="java.lang.AssertionError" message="expected [Feed | LinkedIn] but found [LinkedIn: Log In or Sign Up]">
      <![CDATA[java.lang.AssertionError: expected [Feed | LinkedIn] but found [LinkedIn: Log In or Sign Up]
at dockergrid.dockerseleniumgrid.linkedOnFFTest(dockerseleniumgrid.java:77)
at java.util.concurrent.FutureTask.run(FutureTask.java:266)
at java.util.concurrent.ThreadPoolExecutor.runWorker(ThreadPoolExecutor.java:1149)
at java.util.concurrent.ThreadPoolExecutor$Worker.run(ThreadPoolExecutor.java:624)
at java.lang.Thread.run(Thread.java:748)
... Removed 26 stack frames]]>
    </failure>
  </testcase> <!-- linkedOnFFTest -->
  <testcase name="gmailOnEdge" time="0.0" classname="dockergrid.dockerseleniumgrid">
    <ignored/>
  </testcase> <!-- gmailOnEdge -->
  <testcase name="googleOnCHROMETest" time="0.0" classname="dockergrid.dockerseleniumgrid">
    <ignored/>
  </testcase> <!-- googleOnCHROMETest -->
</testsuite> <!-- Test2 -->
